[run] backend=gloo world_size=2 port=29510 sizes=['1MB', '10MB', '100MB', '1GB']
  gloo  ws=2   1MB  0.428 ms/call
  gloo  ws=2  10MB  2.722 ms/call
  gloo  ws=2 100MB  32.837 ms/call
  gloo  ws=2   1GB  330.339 ms/call
[run] backend=gloo world_size=4 port=29511 sizes=['1MB', '10MB', '100MB', '1GB']
  gloo  ws=4   1MB  1.255 ms/call
  gloo  ws=4  10MB  11.280 ms/call
  gloo  ws=4 100MB  48.943 ms/call
  gloo  ws=4   1GB  510.808 ms/call
[run] backend=gloo world_size=6 port=29512 sizes=['1MB', '10MB', '100MB', '1GB']
  gloo  ws=6   1MB  2.553 ms/call
  gloo  ws=6  10MB  8.241 ms/call
  gloo  ws=6 100MB  69.066 ms/call
  gloo  ws=6   1GB  816.937 ms/call
[skip] nccl ws=2 but only 1 GPU(s) visible (NCCL 2.21+ rejects duplicate GPUs on the same device).
[skip] nccl ws=4 but only 1 GPU(s) visible (NCCL 2.21+ rejects duplicate GPUs on the same device).
[skip] nccl ws=6 but only 1 GPU(s) visible (NCCL 2.21+ rejects duplicate GPUs on the same device).
wrote reports/ddp/allreduce-12659137-20260505-165925.csv

=== csv: reports/ddp/allreduce-12659137-20260505-165925.csv ===
backend  device  world_size  size   size_bytes  iters  per_call_ms
gloo     cpu     2           1MB    1048576     10     0.428270801785402
gloo     cpu     2           10MB   10485760    10     2.721903452766128
gloo     cpu     2           100MB  104857600   10     32.837032951647416
gloo     cpu     2           1GB    1073741824  10     330.33858980052173
gloo     cpu     4           1MB    1048576     10     1.2547509235446341
gloo     cpu     4           10MB   10485760    10     11.279757824377157
gloo     cpu     4           100MB  104857600   10     48.94310892559588
gloo     cpu     4           1GB    1073741824  10     510.8083051003632
gloo     cpu     6           1MB    1048576     10     2.552817267132923
gloo     cpu     6           10MB   10485760    10     8.240871181866774
gloo     cpu     6           100MB  104857600   10     69.06614364900936
gloo     cpu     6           1GB    1073741824  10     816.9372228333183
